2025-11-09 10:37:04,393 [DEBUG] [MainThread] [qasync._windows._EventPoller/_windows.py:215]: Starting (proactor: <_IocpProactor overlapped#=0 result#=0>)...
2025-11-09 10:37:04,407 [DEBUG] [Dummy-5] [qasync._windows._EventWorker/_windows.py:195]: Thread started
2025-11-09 10:37:06,560 [INFO] [MainThread] [root/api.py:69]: Fetching new weather data at 2025-11-09 10:37:06.559914
2025-11-09 10:37:48,961 [INFO] [MainThread] [root/controller.py:15]: Reloading Application because of config change.
2025-11-09 10:37:49,063 [INFO] [MainThread] [cli_server/cli_server.py:112]: Log pipe server stopped
2025-11-09 10:37:49,064 [DEBUG] [MainThread] [cli_server/cli_server.py:206]: CLI server stopped
2025-11-09 10:37:49,079 [INFO] [MainThread] [root/bar_manager.py:76]: Successfully loaded updated config and re-initialised all bars.
2025-11-09 10:37:49,503 [INFO] [MainThread] [root/bar_manager.py:92]: Stopping SystemEventListener...
2025-11-09 10:37:49,504 [INFO] [MainThread] [root/bar_manager.py:92]: Stopping WindowsNotificationEventListener...
2025-11-09 10:37:49,595 [DEBUG] [MainThread] [qasync._windows._EventPoller/_windows.py:220]: Stopping worker thread...
2025-11-09 10:37:49,612 [DEBUG] [Dummy-5] [qasync._windows._EventWorker/_windows.py:204]: Exiting thread
2025-11-09 10:37:49,616 [DEBUG] [MainThread] [qasync._windows._IocpProactor/_windows.py:78]: Closing
2025-11-09 10:37:50,711 [INFO] [MainThread] [root/log.py:59]: YASB v1.8.4
2025-11-09 10:37:50,714 [INFO] [Thread-1 (_run_server)] [cli_server/cli_server.py:212]: CLI server started v1.1.3
2025-11-09 10:37:50,715 [INFO] [MainThread] [cli_server/cli_server.py:104]: Log pipe server started
2025-11-09 10:37:51,182 [DEBUG] [MainThread] [comtypes/__init__.py:149]: CoInitializeEx(None, 2)
2025-11-09 10:37:51,971 [DEBUG] [MainThread] [tzlocal/win32.py:55]: Looking up time zone info from registry
2025-11-09 10:37:55,131 [INFO] [MainThread] [root/bar_manager.py:85]: Starting WindowsNotificationEventListener...
2025-11-09 10:37:55,133 [INFO] [MainThread] [root/bar_manager.py:85]: Starting SystemEventListener...
2025-11-09 10:37:55,139 [INFO] [MainThread] [root/watcher.py:54]: Created file watcher for path C:\Users\stomon\.config\yasb
2025-11-09 10:37:55,284 [INFO] [MainThread] [root/update_service.py:321]: Background update checker started
2025-11-09 10:37:55,285 [DEBUG] [MainThread] [qasync._windows._EventPoller/_windows.py:215]: Starting (proactor: <_IocpProactor overlapped#=0 result#=0>)...
2025-11-09 10:37:55,293 [DEBUG] [Dummy-5] [qasync._windows._EventWorker/_windows.py:195]: Thread started
2025-11-09 10:37:56,924 [INFO] [MainThread] [root/api.py:69]: Fetching new weather data at 2025-11-09 10:37:56.924620
2025-11-09 10:47:52,699 [INFO] [MainThread] [root/api.py:69]: Fetching new weather data at 2025-11-09 10:47:52.699313
2025-11-09 10:57:53,736 [INFO] [MainThread] [root/api.py:69]: Fetching new weather data at 2025-11-09 10:57:53.736595
2025-11-09 11:07:56,868 [INFO] [MainThread] [root/api.py:69]: Fetching new weather data at 2025-11-09 11:07:56.868487
2025-11-09 11:17:54,045 [INFO] [MainThread] [root/api.py:69]: Fetching new weather data at 2025-11-09 11:17:54.045723
2025-11-09 11:27:52,725 [INFO] [MainThread] [root/api.py:69]: Fetching new weather data at 2025-11-09 11:27:52.725265
2025-11-09 11:37:39,628 [INFO] [MainThread] [root/controller.py:15]: Reloading Application because of config change.
2025-11-09 11:37:39,736 [INFO] [MainThread] [cli_server/cli_server.py:112]: Log pipe server stopped
2025-11-09 11:37:39,736 [DEBUG] [MainThread] [cli_server/cli_server.py:206]: CLI server stopped
2025-11-09 11:37:39,789 [INFO] [MainThread] [root/bar_manager.py:76]: Successfully loaded updated config and re-initialised all bars.
2025-11-09 11:37:40,714 [INFO] [MainThread] [root/bar_manager.py:92]: Stopping WindowsNotificationEventListener...
2025-11-09 11:37:40,715 [INFO] [MainThread] [root/bar_manager.py:92]: Stopping SystemEventListener...
2025-11-09 11:37:41,519 [DEBUG] [MainThread] [qasync._windows._EventPoller/_windows.py:220]: Stopping worker thread...
2025-11-09 11:37:41,540 [DEBUG] [Dummy-5] [qasync._windows._EventWorker/_windows.py:204]: Exiting thread
2025-11-09 11:37:41,546 [DEBUG] [MainThread] [qasync._windows._IocpProactor/_windows.py:78]: Closing
2025-11-09 11:37:43,420 [INFO] [MainThread] [root/log.py:59]: YASB v1.8.4
2025-11-09 11:37:43,423 [INFO] [Thread-1 (_run_server)] [cli_server/cli_server.py:212]: CLI server started v1.1.3
2025-11-09 11:37:43,424 [INFO] [MainThread] [cli_server/cli_server.py:104]: Log pipe server started
2025-11-09 11:37:44,127 [DEBUG] [MainThread] [comtypes/__init__.py:149]: CoInitializeEx(None, 2)
2025-11-09 11:37:45,131 [DEBUG] [MainThread] [tzlocal/win32.py:55]: Looking up time zone info from registry
2025-11-09 11:37:48,830 [INFO] [MainThread] [root/bar_manager.py:85]: Starting WindowsNotificationEventListener...
2025-11-09 11:37:48,833 [INFO] [MainThread] [root/bar_manager.py:85]: Starting SystemEventListener...
2025-11-09 11:37:48,834 [INFO] [MainThread] [root/watcher.py:54]: Created file watcher for path C:\Users\stomon\.config\yasb
2025-11-09 11:37:49,071 [INFO] [MainThread] [root/update_service.py:321]: Background update checker started
2025-11-09 11:37:49,071 [DEBUG] [MainThread] [qasync._windows._EventPoller/_windows.py:215]: Starting (proactor: <_IocpProactor overlapped#=0 result#=0>)...
2025-11-09 11:37:49,075 [DEBUG] [Dummy-5] [qasync._windows._EventWorker/_windows.py:195]: Thread started
2025-11-09 11:37:51,786 [INFO] [MainThread] [root/api.py:69]: Fetching new weather data at 2025-11-09 11:37:51.785885
2025-11-09 11:37:59,517 [INFO] [MainThread] [root/controller.py:15]: Reloading Application because of config change.
2025-11-09 11:37:59,624 [INFO] [MainThread] [cli_server/cli_server.py:112]: Log pipe server stopped
2025-11-09 11:37:59,625 [DEBUG] [MainThread] [cli_server/cli_server.py:206]: CLI server stopped
2025-11-09 11:37:59,649 [INFO] [MainThread] [root/bar_manager.py:76]: Successfully loaded updated config and re-initialised all bars.
2025-11-09 11:38:00,806 [INFO] [MainThread] [root/bar_manager.py:92]: Stopping WindowsNotificationEventListener...
2025-11-09 11:38:00,812 [INFO] [MainThread] [root/bar_manager.py:92]: Stopping SystemEventListener...
2025-11-09 11:38:00,912 [DEBUG] [MainThread] [qasync._windows._EventPoller/_windows.py:220]: Stopping worker thread...
2025-11-09 11:38:00,924 [DEBUG] [Dummy-5] [qasync._windows._EventWorker/_windows.py:204]: Exiting thread
2025-11-09 11:38:00,930 [DEBUG] [MainThread] [qasync._windows._IocpProactor/_windows.py:78]: Closing
2025-11-09 11:38:02,390 [INFO] [MainThread] [root/log.py:59]: YASB v1.8.4
2025-11-09 11:38:02,394 [INFO] [Thread-1 (_run_server)] [cli_server/cli_server.py:212]: CLI server started v1.1.3
2025-11-09 11:38:02,395 [INFO] [MainThread] [cli_server/cli_server.py:104]: Log pipe server started
2025-11-09 11:38:03,636 [DEBUG] [MainThread] [comtypes/__init__.py:149]: CoInitializeEx(None, 2)
2025-11-09 11:38:04,782 [DEBUG] [MainThread] [tzlocal/win32.py:55]: Looking up time zone info from registry
2025-11-09 11:38:09,214 [INFO] [MainThread] [root/bar_manager.py:85]: Starting WindowsNotificationEventListener...
2025-11-09 11:38:09,219 [INFO] [MainThread] [root/bar_manager.py:85]: Starting SystemEventListener...
2025-11-09 11:38:09,221 [INFO] [MainThread] [root/watcher.py:54]: Created file watcher for path C:\Users\stomon\.config\yasb
2025-11-09 11:38:09,664 [INFO] [MainThread] [root/update_service.py:321]: Background update checker started
2025-11-09 11:38:09,664 [DEBUG] [MainThread] [qasync._windows._EventPoller/_windows.py:215]: Starting (proactor: <_IocpProactor overlapped#=0 result#=0>)...
2025-11-09 11:38:09,672 [DEBUG] [Dummy-5] [qasync._windows._EventWorker/_windows.py:195]: Thread started
2025-11-09 11:38:12,056 [INFO] [MainThread] [root/api.py:69]: Fetching new weather data at 2025-11-09 11:38:12.056139
2025-11-09 11:38:48,982 [INFO] [MainThread] [root/controller.py:15]: Reloading Application because of config change.
2025-11-09 11:38:49,083 [INFO] [MainThread] [cli_server/cli_server.py:112]: Log pipe server stopped
2025-11-09 11:38:49,084 [DEBUG] [MainThread] [cli_server/cli_server.py:206]: CLI server stopped
2025-11-09 11:38:49,106 [INFO] [MainThread] [root/bar_manager.py:76]: Successfully loaded updated config and re-initialised all bars.
2025-11-09 11:38:49,816 [INFO] [MainThread] [root/bar_manager.py:92]: Stopping WindowsNotificationEventListener...
2025-11-09 11:38:49,838 [INFO] [MainThread] [root/bar_manager.py:92]: Stopping SystemEventListener...
2025-11-09 11:38:50,420 [DEBUG] [MainThread] [qasync._windows._EventPoller/_windows.py:220]: Stopping worker thread...
2025-11-09 11:38:50,426 [DEBUG] [Dummy-5] [qasync._windows._EventWorker/_windows.py:204]: Exiting thread
2025-11-09 11:38:50,429 [DEBUG] [MainThread] [qasync._windows._IocpProactor/_windows.py:78]: Closing
2025-11-09 11:38:52,047 [INFO] [MainThread] [root/log.py:59]: YASB v1.8.4
2025-11-09 11:38:52,051 [INFO] [Thread-1 (_run_server)] [cli_server/cli_server.py:212]: CLI server started v1.1.3
2025-11-09 11:38:52,052 [INFO] [MainThread] [cli_server/cli_server.py:104]: Log pipe server started
2025-11-09 11:38:52,619 [DEBUG] [MainThread] [comtypes/__init__.py:149]: CoInitializeEx(None, 2)
2025-11-09 11:38:53,719 [DEBUG] [MainThread] [tzlocal/win32.py:55]: Looking up time zone info from registry
2025-11-09 11:38:57,153 [INFO] [MainThread] [root/bar_manager.py:85]: Starting WindowsNotificationEventListener...
2025-11-09 11:38:57,157 [INFO] [MainThread] [root/bar_manager.py:85]: Starting SystemEventListener...
2025-11-09 11:38:57,158 [INFO] [MainThread] [root/watcher.py:54]: Created file watcher for path C:\Users\stomon\.config\yasb
2025-11-09 11:38:57,360 [INFO] [MainThread] [root/update_service.py:321]: Background update checker started
2025-11-09 11:38:57,360 [DEBUG] [MainThread] [qasync._windows._EventPoller/_windows.py:215]: Starting (proactor: <_IocpProactor overlapped#=0 result#=0>)...
2025-11-09 11:38:57,366 [DEBUG] [Dummy-5] [qasync._windows._EventWorker/_windows.py:195]: Thread started
2025-11-09 11:38:59,362 [INFO] [MainThread] [root/api.py:69]: Fetching new weather data at 2025-11-09 11:38:59.362779
2025-11-09 11:40:19,250 [INFO] [MainThread] [root/controller.py:15]: Reloading Application because of config change.
2025-11-09 11:40:19,361 [INFO] [MainThread] [cli_server/cli_server.py:112]: Log pipe server stopped
2025-11-09 11:40:19,362 [DEBUG] [MainThread] [cli_server/cli_server.py:206]: CLI server stopped
2025-11-09 11:40:19,385 [INFO] [MainThread] [root/bar_manager.py:76]: Successfully loaded updated config and re-initialised all bars.
2025-11-09 11:40:20,845 [INFO] [MainThread] [root/bar_manager.py:92]: Stopping WindowsNotificationEventListener...
2025-11-09 11:40:20,889 [INFO] [MainThread] [root/bar_manager.py:92]: Stopping SystemEventListener...
2025-11-09 11:40:21,572 [DEBUG] [MainThread] [qasync._windows._EventPoller/_windows.py:220]: Stopping worker thread...
2025-11-09 11:40:21,579 [DEBUG] [Dummy-5] [qasync._windows._EventWorker/_windows.py:204]: Exiting thread
2025-11-09 11:40:21,583 [DEBUG] [MainThread] [qasync._windows._IocpProactor/_windows.py:78]: Closing
2025-11-09 11:40:22,994 [INFO] [MainThread] [root/log.py:59]: YASB v1.8.4
2025-11-09 11:40:22,997 [INFO] [Thread-1 (_run_server)] [cli_server/cli_server.py:212]: CLI server started v1.1.3
2025-11-09 11:40:22,999 [INFO] [MainThread] [cli_server/cli_server.py:104]: Log pipe server started
2025-11-09 11:40:23,889 [DEBUG] [MainThread] [comtypes/__init__.py:149]: CoInitializeEx(None, 2)
2025-11-09 11:40:26,095 [DEBUG] [MainThread] [tzlocal/win32.py:55]: Looking up time zone info from registry
2025-11-09 11:40:30,662 [INFO] [MainThread] [root/bar_manager.py:85]: Starting WindowsNotificationEventListener...
2025-11-09 11:40:30,666 [INFO] [MainThread] [root/bar_manager.py:85]: Starting SystemEventListener...
2025-11-09 11:40:30,668 [INFO] [MainThread] [root/watcher.py:54]: Created file watcher for path C:\Users\stomon\.config\yasb
2025-11-09 11:40:30,937 [INFO] [MainThread] [root/update_service.py:321]: Background update checker started
2025-11-09 11:40:30,937 [DEBUG] [MainThread] [qasync._windows._EventPoller/_windows.py:215]: Starting (proactor: <_IocpProactor overlapped#=0 result#=0>)...
2025-11-09 11:40:30,948 [DEBUG] [Dummy-5] [qasync._windows._EventWorker/_windows.py:195]: Thread started
2025-11-09 11:40:34,087 [INFO] [MainThread] [root/api.py:69]: Fetching new weather data at 2025-11-09 11:40:34.087827
2025-11-09 11:41:48,411 [INFO] [MainThread] [root/controller.py:15]: Reloading Application because of config change.
2025-11-09 11:41:48,516 [INFO] [MainThread] [cli_server/cli_server.py:112]: Log pipe server stopped
2025-11-09 11:41:48,516 [DEBUG] [MainThread] [cli_server/cli_server.py:206]: CLI server stopped
2025-11-09 11:41:48,532 [INFO] [MainThread] [root/bar_manager.py:76]: Successfully loaded updated config and re-initialised all bars.
2025-11-09 11:41:49,039 [INFO] [MainThread] [root/bar_manager.py:92]: Stopping WindowsNotificationEventListener...
2025-11-09 11:41:49,040 [INFO] [MainThread] [root/bar_manager.py:92]: Stopping SystemEventListener...
2025-11-09 11:41:49,210 [DEBUG] [MainThread] [qasync._windows._EventPoller/_windows.py:220]: Stopping worker thread...
2025-11-09 11:41:49,219 [DEBUG] [Dummy-5] [qasync._windows._EventWorker/_windows.py:204]: Exiting thread
2025-11-09 11:41:49,224 [DEBUG] [MainThread] [qasync._windows._IocpProactor/_windows.py:78]: Closing
2025-11-09 11:41:50,552 [INFO] [MainThread] [root/log.py:59]: YASB v1.8.4
2025-11-09 11:41:50,555 [INFO] [Thread-1 (_run_server)] [cli_server/cli_server.py:212]: CLI server started v1.1.3
2025-11-09 11:41:50,556 [INFO] [MainThread] [cli_server/cli_server.py:104]: Log pipe server started
2025-11-09 11:41:51,016 [DEBUG] [MainThread] [comtypes/__init__.py:149]: CoInitializeEx(None, 2)
2025-11-09 11:41:51,718 [DEBUG] [MainThread] [tzlocal/win32.py:55]: Looking up time zone info from registry
2025-11-09 11:41:54,726 [INFO] [MainThread] [root/bar_manager.py:85]: Starting SystemEventListener...
2025-11-09 11:41:54,727 [INFO] [MainThread] [root/bar_manager.py:85]: Starting WindowsNotificationEventListener...
2025-11-09 11:41:54,730 [INFO] [MainThread] [root/watcher.py:54]: Created file watcher for path C:\Users\stomon\.config\yasb
2025-11-09 11:41:54,882 [INFO] [MainThread] [root/update_service.py:321]: Background update checker started
2025-11-09 11:41:54,882 [DEBUG] [MainThread] [qasync._windows._EventPoller/_windows.py:215]: Starting (proactor: <_IocpProactor overlapped#=0 result#=0>)...
2025-11-09 11:41:54,885 [DEBUG] [Dummy-5] [qasync._windows._EventWorker/_windows.py:195]: Thread started
2025-11-09 11:41:56,746 [INFO] [MainThread] [root/api.py:69]: Fetching new weather data at 2025-11-09 11:41:56.746548
2025-11-09 11:42:55,128 [INFO] [MainThread] [root/controller.py:15]: Reloading Application because of config change.
2025-11-09 11:42:55,234 [INFO] [MainThread] [cli_server/cli_server.py:112]: Log pipe server stopped
2025-11-09 11:42:55,234 [DEBUG] [MainThread] [cli_server/cli_server.py:206]: CLI server stopped
2025-11-09 11:42:55,250 [INFO] [MainThread] [root/bar_manager.py:76]: Successfully loaded updated config and re-initialised all bars.
2025-11-09 11:42:55,915 [INFO] [MainThread] [root/bar_manager.py:92]: Stopping SystemEventListener...
2025-11-09 11:42:55,916 [INFO] [MainThread] [root/bar_manager.py:92]: Stopping WindowsNotificationEventListener...
2025-11-09 11:42:56,911 [DEBUG] [MainThread] [qasync._windows._EventPoller/_windows.py:220]: Stopping worker thread...
2025-11-09 11:42:56,921 [DEBUG] [Dummy-5] [qasync._windows._EventWorker/_windows.py:204]: Exiting thread
2025-11-09 11:42:56,929 [DEBUG] [MainThread] [qasync._windows._IocpProactor/_windows.py:78]: Closing
2025-11-09 11:42:58,103 [INFO] [MainThread] [root/log.py:59]: YASB v1.8.4
2025-11-09 11:42:58,106 [INFO] [Thread-1 (_run_server)] [cli_server/cli_server.py:212]: CLI server started v1.1.3
2025-11-09 11:42:58,108 [INFO] [MainThread] [cli_server/cli_server.py:104]: Log pipe server started
2025-11-09 11:42:58,597 [DEBUG] [MainThread] [comtypes/__init__.py:149]: CoInitializeEx(None, 2)
2025-11-09 11:42:59,295 [DEBUG] [MainThread] [tzlocal/win32.py:55]: Looking up time zone info from registry
2025-11-09 11:43:01,983 [INFO] [MainThread] [root/bar_manager.py:85]: Starting WindowsNotificationEventListener...
2025-11-09 11:43:01,985 [INFO] [MainThread] [root/bar_manager.py:85]: Starting SystemEventListener...
2025-11-09 11:43:01,986 [INFO] [MainThread] [root/watcher.py:54]: Created file watcher for path C:\Users\stomon\.config\yasb
2025-11-09 11:43:02,153 [INFO] [MainThread] [root/update_service.py:321]: Background update checker started
2025-11-09 11:43:02,154 [DEBUG] [MainThread] [qasync._windows._EventPoller/_windows.py:215]: Starting (proactor: <_IocpProactor overlapped#=0 result#=0>)...
2025-11-09 11:43:02,157 [DEBUG] [Dummy-5] [qasync._windows._EventWorker/_windows.py:195]: Thread started
2025-11-09 11:43:03,819 [INFO] [MainThread] [root/api.py:69]: Fetching new weather data at 2025-11-09 11:43:03.819241
2025-11-09 11:44:02,547 [INFO] [MainThread] [root/controller.py:15]: Reloading Application because of config change.
2025-11-09 11:44:02,650 [INFO] [MainThread] [cli_server/cli_server.py:112]: Log pipe server stopped
2025-11-09 11:44:02,651 [DEBUG] [MainThread] [cli_server/cli_server.py:206]: CLI server stopped
2025-11-09 11:44:02,679 [INFO] [MainThread] [root/bar_manager.py:76]: Successfully loaded updated config and re-initialised all bars.
2025-11-09 11:44:03,176 [INFO] [MainThread] [root/bar_manager.py:92]: Stopping WindowsNotificationEventListener...
2025-11-09 11:44:03,178 [INFO] [MainThread] [root/bar_manager.py:92]: Stopping SystemEventListener...
2025-11-09 11:44:03,348 [DEBUG] [MainThread] [qasync._windows._EventPoller/_windows.py:220]: Stopping worker thread...
2025-11-09 11:44:03,355 [DEBUG] [Dummy-5] [qasync._windows._EventWorker/_windows.py:204]: Exiting thread
2025-11-09 11:44:03,358 [DEBUG] [MainThread] [qasync._windows._IocpProactor/_windows.py:78]: Closing
2025-11-09 11:44:04,999 [INFO] [MainThread] [root/log.py:59]: YASB v1.8.4
2025-11-09 11:44:05,001 [INFO] [Thread-1 (_run_server)] [cli_server/cli_server.py:212]: CLI server started v1.1.3
2025-11-09 11:44:05,002 [INFO] [MainThread] [cli_server/cli_server.py:104]: Log pipe server started
2025-11-09 11:44:05,559 [DEBUG] [MainThread] [comtypes/__init__.py:149]: CoInitializeEx(None, 2)
2025-11-09 11:44:06,291 [DEBUG] [MainThread] [tzlocal/win32.py:55]: Looking up time zone info from registry
2025-11-09 11:44:09,218 [INFO] [MainThread] [root/bar_manager.py:85]: Starting WindowsNotificationEventListener...
2025-11-09 11:44:09,220 [INFO] [MainThread] [root/bar_manager.py:85]: Starting SystemEventListener...
2025-11-09 11:44:09,221 [INFO] [MainThread] [root/watcher.py:54]: Created file watcher for path C:\Users\stomon\.config\yasb
2025-11-09 11:44:09,364 [INFO] [MainThread] [root/update_service.py:321]: Background update checker started
2025-11-09 11:44:09,365 [DEBUG] [MainThread] [qasync._windows._EventPoller/_windows.py:215]: Starting (proactor: <_IocpProactor overlapped#=0 result#=0>)...
2025-11-09 11:44:09,369 [DEBUG] [Dummy-5] [qasync._windows._EventWorker/_windows.py:195]: Thread started
2025-11-09 11:44:11,442 [INFO] [MainThread] [root/api.py:69]: Fetching new weather data at 2025-11-09 11:44:11.442210
2025-11-09 11:44:36,432 [INFO] [MainThread] [root/controller.py:15]: Reloading Application because of config change.
2025-11-09 11:44:36,534 [INFO] [MainThread] [cli_server/cli_server.py:112]: Log pipe server stopped
2025-11-09 11:44:36,536 [DEBUG] [MainThread] [cli_server/cli_server.py:206]: CLI server stopped
2025-11-09 11:44:36,574 [INFO] [MainThread] [root/bar_manager.py:76]: Successfully loaded updated config and re-initialised all bars.
2025-11-09 11:44:37,152 [INFO] [MainThread] [root/bar_manager.py:92]: Stopping WindowsNotificationEventListener...
2025-11-09 11:44:37,160 [INFO] [MainThread] [root/bar_manager.py:92]: Stopping SystemEventListener...
2025-11-09 11:44:38,466 [DEBUG] [MainThread] [qasync._windows._EventPoller/_windows.py:220]: Stopping worker thread...
2025-11-09 11:44:38,485 [DEBUG] [Dummy-5] [qasync._windows._EventWorker/_windows.py:204]: Exiting thread
2025-11-09 11:44:38,496 [DEBUG] [MainThread] [qasync._windows._IocpProactor/_windows.py:78]: Closing
2025-11-09 11:44:39,533 [INFO] [MainThread] [root/log.py:59]: YASB v1.8.4
2025-11-09 11:44:39,536 [INFO] [Thread-1 (_run_server)] [cli_server/cli_server.py:212]: CLI server started v1.1.3
2025-11-09 11:44:39,537 [INFO] [MainThread] [cli_server/cli_server.py:104]: Log pipe server started
2025-11-09 11:44:40,206 [DEBUG] [MainThread] [comtypes/__init__.py:149]: CoInitializeEx(None, 2)
2025-11-09 11:44:40,930 [DEBUG] [MainThread] [tzlocal/win32.py:55]: Looking up time zone info from registry
2025-11-09 11:44:43,614 [INFO] [MainThread] [root/bar_manager.py:85]: Starting WindowsNotificationEventListener...
2025-11-09 11:44:43,619 [INFO] [MainThread] [root/bar_manager.py:85]: Starting SystemEventListener...
2025-11-09 11:44:43,620 [INFO] [MainThread] [root/watcher.py:54]: Created file watcher for path C:\Users\stomon\.config\yasb
2025-11-09 11:44:43,783 [INFO] [MainThread] [root/update_service.py:321]: Background update checker started
2025-11-09 11:44:43,783 [DEBUG] [MainThread] [qasync._windows._EventPoller/_windows.py:215]: Starting (proactor: <_IocpProactor overlapped#=0 result#=0>)...
2025-11-09 11:44:43,787 [DEBUG] [Dummy-5] [qasync._windows._EventWorker/_windows.py:195]: Thread started
2025-11-09 11:44:45,422 [INFO] [MainThread] [root/api.py:69]: Fetching new weather data at 2025-11-09 11:44:45.421903
2025-11-09 11:50:44,273 [INFO] [MainThread] [root/controller.py:15]: Reloading Application from tray...
2025-11-09 11:50:44,374 [INFO] [MainThread] [cli_server/cli_server.py:112]: Log pipe server stopped
2025-11-09 11:50:44,374 [DEBUG] [MainThread] [cli_server/cli_server.py:206]: CLI server stopped
2025-11-09 11:50:44,819 [INFO] [MainThread] [root/bar_manager.py:92]: Stopping WindowsNotificationEventListener...
2025-11-09 11:50:44,828 [INFO] [MainThread] [root/bar_manager.py:92]: Stopping SystemEventListener...
2025-11-09 11:50:44,964 [DEBUG] [MainThread] [qasync._windows._EventPoller/_windows.py:220]: Stopping worker thread...
2025-11-09 11:50:44,988 [DEBUG] [Dummy-5] [qasync._windows._EventWorker/_windows.py:204]: Exiting thread
2025-11-09 11:50:44,994 [DEBUG] [MainThread] [qasync._windows._IocpProactor/_windows.py:78]: Closing
2025-11-09 11:50:46,317 [INFO] [MainThread] [root/log.py:59]: YASB v1.8.4
2025-11-09 11:50:46,327 [INFO] [Thread-1 (_run_server)] [cli_server/cli_server.py:212]: CLI server started v1.1.3
2025-11-09 11:50:46,328 [INFO] [MainThread] [cli_server/cli_server.py:104]: Log pipe server started
2025-11-09 11:50:46,910 [DEBUG] [MainThread] [comtypes/__init__.py:149]: CoInitializeEx(None, 2)
2025-11-09 11:50:47,665 [DEBUG] [MainThread] [tzlocal/win32.py:55]: Looking up time zone info from registry
2025-11-09 11:50:50,638 [INFO] [MainThread] [root/bar_manager.py:85]: Starting SystemEventListener...
2025-11-09 11:50:50,639 [INFO] [MainThread] [root/bar_manager.py:85]: Starting WindowsNotificationEventListener...
2025-11-09 11:50:50,642 [INFO] [MainThread] [root/watcher.py:54]: Created file watcher for path C:\Users\stomon\.config\yasb
2025-11-09 11:50:50,797 [INFO] [MainThread] [root/update_service.py:321]: Background update checker started
2025-11-09 11:50:50,797 [DEBUG] [MainThread] [qasync._windows._EventPoller/_windows.py:215]: Starting (proactor: <_IocpProactor overlapped#=0 result#=0>)...
2025-11-09 11:50:50,801 [DEBUG] [Dummy-5] [qasync._windows._EventWorker/_windows.py:195]: Thread started
2025-11-09 11:50:52,393 [INFO] [MainThread] [root/api.py:69]: Fetching new weather data at 2025-11-09 11:50:52.393259
2025-11-09 11:58:10,373 [INFO] [MainThread] [root/controller.py:15]: Reloading Application because of config change.
2025-11-09 11:58:10,479 [INFO] [MainThread] [cli_server/cli_server.py:112]: Log pipe server stopped
2025-11-09 11:58:10,480 [DEBUG] [MainThread] [cli_server/cli_server.py:206]: CLI server stopped
2025-11-09 11:58:10,501 [INFO] [MainThread] [root/bar_manager.py:76]: Successfully loaded updated config and re-initialised all bars.
2025-11-09 11:58:10,828 [INFO] [MainThread] [root/bar_manager.py:92]: Stopping SystemEventListener...
2025-11-09 11:58:10,829 [INFO] [MainThread] [root/bar_manager.py:92]: Stopping WindowsNotificationEventListener...
2025-11-09 11:58:10,872 [DEBUG] [MainThread] [qasync._windows._EventPoller/_windows.py:220]: Stopping worker thread...
2025-11-09 11:58:10,879 [DEBUG] [Dummy-5] [qasync._windows._EventWorker/_windows.py:204]: Exiting thread
2025-11-09 11:58:10,882 [DEBUG] [MainThread] [qasync._windows._IocpProactor/_windows.py:78]: Closing
2025-11-09 11:58:11,948 [INFO] [MainThread] [root/log.py:59]: YASB v1.8.4
2025-11-09 11:58:11,951 [INFO] [Thread-1 (_run_server)] [cli_server/cli_server.py:212]: CLI server started v1.1.3
2025-11-09 11:58:11,952 [INFO] [MainThread] [cli_server/cli_server.py:104]: Log pipe server started
2025-11-09 11:58:12,464 [DEBUG] [MainThread] [comtypes/__init__.py:149]: CoInitializeEx(None, 2)
2025-11-09 11:58:13,117 [DEBUG] [MainThread] [tzlocal/win32.py:55]: Looking up time zone info from registry
2025-11-09 11:58:15,412 [INFO] [MainThread] [root/bar_manager.py:85]: Starting SystemEventListener...
2025-11-09 11:58:15,413 [INFO] [MainThread] [root/bar_manager.py:85]: Starting WindowsNotificationEventListener...
2025-11-09 11:58:15,416 [INFO] [MainThread] [root/watcher.py:54]: Created file watcher for path C:\Users\stomon\.config\yasb
2025-11-09 11:58:15,551 [INFO] [MainThread] [root/update_service.py:321]: Background update checker started
2025-11-09 11:58:15,552 [DEBUG] [MainThread] [qasync._windows._EventPoller/_windows.py:215]: Starting (proactor: <_IocpProactor overlapped#=0 result#=0>)...
2025-11-09 11:58:15,558 [DEBUG] [Dummy-5] [qasync._windows._EventWorker/_windows.py:195]: Thread started
2025-11-09 11:58:18,026 [INFO] [MainThread] [root/api.py:69]: Fetching new weather data at 2025-11-09 11:58:18.026230
2025-11-09 11:59:04,115 [INFO] [MainThread] [root/controller.py:15]: Reloading Application because of config change.
2025-11-09 11:59:04,218 [INFO] [MainThread] [cli_server/cli_server.py:112]: Log pipe server stopped
2025-11-09 11:59:04,219 [DEBUG] [MainThread] [cli_server/cli_server.py:206]: CLI server stopped
2025-11-09 11:59:04,245 [INFO] [MainThread] [root/bar_manager.py:76]: Successfully loaded updated config and re-initialised all bars.
2025-11-09 11:59:04,556 [INFO] [MainThread] [root/bar_manager.py:92]: Stopping SystemEventListener...
2025-11-09 11:59:04,557 [INFO] [MainThread] [root/bar_manager.py:92]: Stopping WindowsNotificationEventListener...
2025-11-09 11:59:04,601 [DEBUG] [MainThread] [qasync._windows._EventPoller/_windows.py:220]: Stopping worker thread...
2025-11-09 11:59:04,601 [DEBUG] [Dummy-5] [qasync._windows._EventWorker/_windows.py:204]: Exiting thread
2025-11-09 11:59:04,607 [DEBUG] [MainThread] [qasync._windows._IocpProactor/_windows.py:78]: Closing
2025-11-09 11:59:05,668 [INFO] [MainThread] [root/log.py:59]: YASB v1.8.4
2025-11-09 11:59:05,670 [INFO] [Thread-1 (_run_server)] [cli_server/cli_server.py:212]: CLI server started v1.1.3
2025-11-09 11:59:05,671 [INFO] [MainThread] [cli_server/cli_server.py:104]: Log pipe server started
2025-11-09 11:59:05,926 [WARNING] [MainThread] [root/widget_builder.py:40]: No widget config could be found for widget '    
2025-11-09 11:59:06,191 [DEBUG] [MainThread] [comtypes/__init__.py:149]: CoInitializeEx(None, 2)
2025-11-09 11:59:06,841 [DEBUG] [MainThread] [tzlocal/win32.py:55]: Looking up time zone info from registry
2025-11-09 11:59:08,770 [INFO] [MainThread] [root/bar_manager.py:85]: Starting SystemEventListener...
2025-11-09 11:59:08,771 [INFO] [MainThread] [root/bar_manager.py:85]: Starting WindowsNotificationEventListener...
2025-11-09 11:59:08,774 [ERROR] [MainThread] [root/widget_builder.py:86]: Failed to add undefined widget(s)  - The widget "    " is undefined.
2025-11-09 11:59:08,856 [INFO] [MainThread] [root/watcher.py:54]: Created file watcher for path C:\Users\stomon\.config\yasb
2025-11-09 11:59:08,968 [INFO] [MainThread] [root/update_service.py:321]: Background update checker started
2025-11-09 11:59:08,969 [DEBUG] [MainThread] [qasync._windows._EventPoller/_windows.py:215]: Starting (proactor: <_IocpProactor overlapped#=0 result#=0>)...
2025-11-09 11:59:08,971 [DEBUG] [Dummy-5] [qasync._windows._EventWorker/_windows.py:195]: Thread started
2025-11-09 11:59:10,991 [INFO] [MainThread] [root/api.py:69]: Fetching new weather data at 2025-11-09 11:59:10.991617
2025-11-09 11:59:28,765 [INFO] [MainThread] [root/controller.py:15]: Reloading Application because of config change.
2025-11-09 11:59:28,866 [INFO] [MainThread] [cli_server/cli_server.py:112]: Log pipe server stopped
2025-11-09 11:59:28,867 [DEBUG] [MainThread] [cli_server/cli_server.py:206]: CLI server stopped
2025-11-09 11:59:28,916 [INFO] [MainThread] [root/bar_manager.py:76]: Successfully loaded updated config and re-initialised all bars.
2025-11-09 11:59:29,370 [INFO] [MainThread] [root/bar_manager.py:92]: Stopping SystemEventListener...
2025-11-09 11:59:29,370 [INFO] [MainThread] [root/bar_manager.py:92]: Stopping WindowsNotificationEventListener...
2025-11-09 11:59:29,520 [DEBUG] [MainThread] [qasync._windows._EventPoller/_windows.py:220]: Stopping worker thread...
2025-11-09 11:59:29,526 [DEBUG] [Dummy-5] [qasync._windows._EventWorker/_windows.py:204]: Exiting thread
2025-11-09 11:59:29,601 [DEBUG] [MainThread] [qasync._windows._IocpProactor/_windows.py:78]: Closing
2025-11-09 11:59:30,921 [INFO] [MainThread] [root/log.py:59]: YASB v1.8.4
2025-11-09 11:59:30,924 [INFO] [Thread-1 (_run_server)] [cli_server/cli_server.py:212]: CLI server started v1.1.3
2025-11-09 11:59:30,925 [INFO] [MainThread] [cli_server/cli_server.py:104]: Log pipe server started
2025-11-09 11:59:31,286 [WARNING] [MainThread] [root/widget_builder.py:40]: No widget config could be found for widget 'dot
2025-11-09 11:59:31,685 [DEBUG] [MainThread] [comtypes/__init__.py:149]: CoInitializeEx(None, 2)
2025-11-09 11:59:32,582 [DEBUG] [MainThread] [tzlocal/win32.py:55]: Looking up time zone info from registry
2025-11-09 11:59:34,970 [INFO] [MainThread] [root/bar_manager.py:85]: Starting SystemEventListener...
2025-11-09 11:59:34,971 [INFO] [MainThread] [root/bar_manager.py:85]: Starting WindowsNotificationEventListener...
2025-11-09 11:59:34,975 [ERROR] [MainThread] [root/widget_builder.py:86]: Failed to add undefined widget(s)  - The widget "dot" is undefined.
2025-11-09 11:59:35,047 [INFO] [MainThread] [root/watcher.py:54]: Created file watcher for path C:\Users\stomon\.config\yasb
2025-11-09 11:59:35,173 [INFO] [MainThread] [root/update_service.py:321]: Background update checker started
2025-11-09 11:59:35,173 [DEBUG] [MainThread] [qasync._windows._EventPoller/_windows.py:215]: Starting (proactor: <_IocpProactor overlapped#=0 result#=0>)...
2025-11-09 11:59:35,176 [DEBUG] [Dummy-5] [qasync._windows._EventWorker/_windows.py:195]: Thread started
2025-11-09 11:59:37,692 [INFO] [MainThread] [root/api.py:69]: Fetching new weather data at 2025-11-09 11:59:37.692049
2025-11-09 11:59:43,537 [INFO] [MainThread] [root/controller.py:15]: Reloading Application because of config change.
2025-11-09 11:59:43,653 [INFO] [MainThread] [cli_server/cli_server.py:112]: Log pipe server stopped
2025-11-09 11:59:43,654 [DEBUG] [MainThread] [cli_server/cli_server.py:206]: CLI server stopped
2025-11-09 11:59:43,685 [INFO] [MainThread] [root/bar_manager.py:76]: Successfully loaded updated config and re-initialised all bars.
2025-11-09 11:59:44,082 [INFO] [MainThread] [root/bar_manager.py:92]: Stopping SystemEventListener...
2025-11-09 11:59:44,083 [INFO] [MainThread] [root/bar_manager.py:92]: Stopping WindowsNotificationEventListener...
2025-11-09 11:59:44,115 [DEBUG] [MainThread] [qasync._windows._EventPoller/_windows.py:220]: Stopping worker thread...
2025-11-09 11:59:44,127 [DEBUG] [Dummy-5] [qasync._windows._EventWorker/_windows.py:204]: Exiting thread
2025-11-09 11:59:44,131 [DEBUG] [MainThread] [qasync._windows._IocpProactor/_windows.py:78]: Closing
2025-11-09 11:59:45,251 [INFO] [MainThread] [root/log.py:59]: YASB v1.8.4
2025-11-09 11:59:45,253 [INFO] [Thread-1 (_run_server)] [cli_server/cli_server.py:212]: CLI server started v1.1.3
2025-11-09 11:59:45,254 [INFO] [MainThread] [cli_server/cli_server.py:104]: Log pipe server started
2025-11-09 11:59:45,801 [DEBUG] [MainThread] [comtypes/__init__.py:149]: CoInitializeEx(None, 2)
2025-11-09 11:59:46,470 [DEBUG] [MainThread] [tzlocal/win32.py:55]: Looking up time zone info from registry
2025-11-09 11:59:48,458 [INFO] [MainThread] [root/bar_manager.py:85]: Starting SystemEventListener...
2025-11-09 11:59:48,458 [INFO] [MainThread] [root/bar_manager.py:85]: Starting WindowsNotificationEventListener...
2025-11-09 11:59:48,461 [INFO] [MainThread] [root/watcher.py:54]: Created file watcher for path C:\Users\stomon\.config\yasb
2025-11-09 11:59:48,618 [INFO] [MainThread] [root/update_service.py:321]: Background update checker started
2025-11-09 11:59:48,619 [DEBUG] [MainThread] [qasync._windows._EventPoller/_windows.py:215]: Starting (proactor: <_IocpProactor overlapped#=0 result#=0>)...
2025-11-09 11:59:48,621 [DEBUG] [Dummy-5] [qasync._windows._EventWorker/_windows.py:195]: Thread started
2025-11-09 11:59:50,142 [INFO] [MainThread] [root/api.py:69]: Fetching new weather data at 2025-11-09 11:59:50.141933
2025-11-09 12:02:03,393 [INFO] [MainThread] [root/controller.py:15]: Reloading Application because of config change.
2025-11-09 12:02:03,495 [INFO] [MainThread] [cli_server/cli_server.py:112]: Log pipe server stopped
2025-11-09 12:02:03,495 [DEBUG] [MainThread] [cli_server/cli_server.py:206]: CLI server stopped
2025-11-09 12:02:03,531 [INFO] [MainThread] [root/bar_manager.py:76]: Successfully loaded updated config and re-initialised all bars.
2025-11-09 12:02:03,841 [INFO] [MainThread] [root/bar_manager.py:92]: Stopping SystemEventListener...
2025-11-09 12:02:03,842 [INFO] [MainThread] [root/bar_manager.py:92]: Stopping WindowsNotificationEventListener...
2025-11-09 12:02:03,862 [DEBUG] [MainThread] [qasync._windows._EventPoller/_windows.py:220]: Stopping worker thread...
2025-11-09 12:02:03,865 [DEBUG] [Dummy-5] [qasync._windows._EventWorker/_windows.py:204]: Exiting thread
2025-11-09 12:02:03,868 [DEBUG] [MainThread] [qasync._windows._IocpProactor/_windows.py:78]: Closing
2025-11-09 12:02:04,937 [INFO] [MainThread] [root/log.py:59]: YASB v1.8.4
2025-11-09 12:02:04,939 [INFO] [Thread-1 (_run_server)] [cli_server/cli_server.py:212]: CLI server started v1.1.3
2025-11-09 12:02:04,940 [INFO] [MainThread] [cli_server/cli_server.py:104]: Log pipe server started
2025-11-09 12:02:05,329 [WARNING] [MainThread] [root/widget_builder.py:40]: No widget config could be found for widget 'promodoro
2025-11-09 12:02:05,479 [DEBUG] [MainThread] [comtypes/__init__.py:149]: CoInitializeEx(None, 2)
2025-11-09 12:02:06,179 [DEBUG] [MainThread] [tzlocal/win32.py:55]: Looking up time zone info from registry
2025-11-09 12:02:08,226 [INFO] [MainThread] [root/bar_manager.py:85]: Starting SystemEventListener...
2025-11-09 12:02:08,227 [INFO] [MainThread] [root/bar_manager.py:85]: Starting WindowsNotificationEventListener...
2025-11-09 12:02:08,230 [ERROR] [MainThread] [root/widget_builder.py:86]: Failed to add undefined widget(s)  - The widget "promodoro" is undefined.
2025-11-09 12:02:08,288 [INFO] [MainThread] [root/watcher.py:54]: Created file watcher for path C:\Users\stomon\.config\yasb
2025-11-09 12:02:08,419 [INFO] [MainThread] [root/update_service.py:321]: Background update checker started
2025-11-09 12:02:08,421 [DEBUG] [MainThread] [qasync._windows._EventPoller/_windows.py:215]: Starting (proactor: <_IocpProactor overlapped#=0 result#=0>)...
2025-11-09 12:02:08,424 [DEBUG] [Dummy-5] [qasync._windows._EventWorker/_windows.py:195]: Thread started
2025-11-09 12:02:10,355 [INFO] [MainThread] [root/api.py:69]: Fetching new weather data at 2025-11-09 12:02:10.355667
2025-11-09 12:02:33,058 [INFO] [MainThread] [root/controller.py:15]: Reloading Application because of config change.
2025-11-09 12:02:33,161 [INFO] [MainThread] [cli_server/cli_server.py:112]: Log pipe server stopped
2025-11-09 12:02:33,162 [DEBUG] [MainThread] [cli_server/cli_server.py:206]: CLI server stopped
2025-11-09 12:02:33,196 [INFO] [MainThread] [root/bar_manager.py:76]: Successfully loaded updated config and re-initialised all bars.
2025-11-09 12:02:33,517 [INFO] [MainThread] [root/bar_manager.py:92]: Stopping SystemEventListener...
2025-11-09 12:02:33,517 [INFO] [MainThread] [root/bar_manager.py:92]: Stopping WindowsNotificationEventListener...
2025-11-09 12:02:33,554 [DEBUG] [MainThread] [qasync._windows._EventPoller/_windows.py:220]: Stopping worker thread...
2025-11-09 12:02:33,560 [DEBUG] [Dummy-5] [qasync._windows._EventWorker/_windows.py:204]: Exiting thread
2025-11-09 12:02:33,563 [DEBUG] [MainThread] [qasync._windows._IocpProactor/_windows.py:78]: Closing
2025-11-09 12:02:34,799 [INFO] [MainThread] [root/log.py:59]: YASB v1.8.4
2025-11-09 12:02:34,802 [INFO] [Thread-1 (_run_server)] [cli_server/cli_server.py:212]: CLI server started v1.1.3
2025-11-09 12:02:34,803 [INFO] [MainThread] [cli_server/cli_server.py:104]: Log pipe server started
2025-11-09 12:02:35,471 [DEBUG] [MainThread] [comtypes/__init__.py:149]: CoInitializeEx(None, 2)
2025-11-09 12:02:36,229 [DEBUG] [MainThread] [tzlocal/win32.py:55]: Looking up time zone info from registry
2025-11-09 12:02:38,293 [INFO] [MainThread] [root/bar_manager.py:85]: Starting SystemEventListener...
2025-11-09 12:02:38,294 [INFO] [MainThread] [root/bar_manager.py:85]: Starting WindowsNotificationEventListener...
2025-11-09 12:02:38,297 [INFO] [MainThread] [root/watcher.py:54]: Created file watcher for path C:\Users\stomon\.config\yasb
2025-11-09 12:02:38,447 [INFO] [MainThread] [root/update_service.py:321]: Background update checker started
2025-11-09 12:02:38,447 [DEBUG] [MainThread] [qasync._windows._EventPoller/_windows.py:215]: Starting (proactor: <_IocpProactor overlapped#=0 result#=0>)...
2025-11-09 12:02:38,452 [DEBUG] [Dummy-5] [qasync._windows._EventWorker/_windows.py:195]: Thread started
2025-11-09 12:02:39,932 [INFO] [MainThread] [root/api.py:69]: Fetching new weather data at 2025-11-09 12:02:39.932426
2025-11-09 12:03:13,031 [INFO] [MainThread] [root/controller.py:15]: Reloading Application because of config change.
2025-11-09 12:03:13,141 [INFO] [MainThread] [cli_server/cli_server.py:112]: Log pipe server stopped
2025-11-09 12:03:13,141 [DEBUG] [MainThread] [cli_server/cli_server.py:206]: CLI server stopped
2025-11-09 12:03:13,190 [INFO] [MainThread] [root/bar_manager.py:76]: Successfully loaded updated config and re-initialised all bars.
2025-11-09 12:03:13,499 [INFO] [MainThread] [root/bar_manager.py:92]: Stopping SystemEventListener...
2025-11-09 12:03:13,500 [INFO] [MainThread] [root/bar_manager.py:92]: Stopping WindowsNotificationEventListener...
2025-11-09 12:03:13,533 [DEBUG] [MainThread] [qasync._windows._EventPoller/_windows.py:220]: Stopping worker thread...
2025-11-09 12:03:13,534 [DEBUG] [Dummy-5] [qasync._windows._EventWorker/_windows.py:204]: Exiting thread
2025-11-09 12:03:13,544 [DEBUG] [MainThread] [qasync._windows._IocpProactor/_windows.py:78]: Closing
2025-11-09 12:03:14,588 [INFO] [MainThread] [root/log.py:59]: YASB v1.8.4
2025-11-09 12:03:14,590 [INFO] [Thread-1 (_run_server)] [cli_server/cli_server.py:212]: CLI server started v1.1.3
2025-11-09 12:03:14,591 [INFO] [MainThread] [cli_server/cli_server.py:104]: Log pipe server started
2025-11-09 12:03:15,132 [DEBUG] [MainThread] [comtypes/__init__.py:149]: CoInitializeEx(None, 2)
2025-11-09 12:03:15,808 [DEBUG] [MainThread] [tzlocal/win32.py:55]: Looking up time zone info from registry
2025-11-09 12:03:17,727 [INFO] [MainThread] [root/bar_manager.py:85]: Starting SystemEventListener...
2025-11-09 12:03:17,728 [INFO] [MainThread] [root/bar_manager.py:85]: Starting WindowsNotificationEventListener...
2025-11-09 12:03:17,732 [INFO] [MainThread] [root/watcher.py:54]: Created file watcher for path C:\Users\stomon\.config\yasb
2025-11-09 12:03:17,879 [INFO] [MainThread] [root/update_service.py:321]: Background update checker started
2025-11-09 12:03:17,879 [DEBUG] [MainThread] [qasync._windows._EventPoller/_windows.py:215]: Starting (proactor: <_IocpProactor overlapped#=0 result#=0>)...
2025-11-09 12:03:17,882 [DEBUG] [Dummy-5] [qasync._windows._EventWorker/_windows.py:195]: Thread started
2025-11-09 12:03:20,085 [INFO] [MainThread] [root/api.py:69]: Fetching new weather data at 2025-11-09 12:03:20.085750
2025-11-09 12:13:17,613 [INFO] [MainThread] [root/api.py:69]: Fetching new weather data at 2025-11-09 12:13:17.613062
2025-11-09 12:20:36,442 [INFO] [MainThread] [root/controller.py:15]: Reloading Application because of config change.
2025-11-09 12:20:36,546 [INFO] [MainThread] [cli_server/cli_server.py:112]: Log pipe server stopped
2025-11-09 12:20:36,547 [DEBUG] [MainThread] [cli_server/cli_server.py:206]: CLI server stopped
2025-11-09 12:20:36,585 [INFO] [MainThread] [root/bar_manager.py:76]: Successfully loaded updated config and re-initialised all bars.
2025-11-09 12:20:37,061 [INFO] [MainThread] [root/bar_manager.py:92]: Stopping SystemEventListener...
2025-11-09 12:20:37,067 [INFO] [MainThread] [root/bar_manager.py:92]: Stopping WindowsNotificationEventListener...
2025-11-09 12:20:37,116 [DEBUG] [MainThread] [qasync._windows._EventPoller/_windows.py:220]: Stopping worker thread...
2025-11-09 12:20:37,152 [DEBUG] [Dummy-5] [qasync._windows._EventWorker/_windows.py:204]: Exiting thread
2025-11-09 12:20:37,156 [DEBUG] [MainThread] [qasync._windows._IocpProactor/_windows.py:78]: Closing
2025-11-09 12:20:38,669 [INFO] [MainThread] [root/log.py:59]: YASB v1.8.4
2025-11-09 12:20:38,672 [INFO] [Thread-1 (_run_server)] [cli_server/cli_server.py:212]: CLI server started v1.1.3
2025-11-09 12:20:38,673 [INFO] [MainThread] [cli_server/cli_server.py:104]: Log pipe server started
2025-11-09 12:20:39,224 [DEBUG] [MainThread] [comtypes/__init__.py:149]: CoInitializeEx(None, 2)
2025-11-09 12:20:39,936 [DEBUG] [MainThread] [tzlocal/win32.py:55]: Looking up time zone info from registry
2025-11-09 12:20:42,442 [INFO] [MainThread] [root/bar_manager.py:85]: Starting SystemEventListener...
2025-11-09 12:20:42,443 [INFO] [MainThread] [root/bar_manager.py:85]: Starting WindowsNotificationEventListener...
2025-11-09 12:20:42,446 [INFO] [MainThread] [root/watcher.py:54]: Created file watcher for path C:\Users\stomon\.config\yasb
2025-11-09 12:20:42,612 [INFO] [MainThread] [root/update_service.py:321]: Background update checker started
2025-11-09 12:20:42,612 [DEBUG] [MainThread] [qasync._windows._EventPoller/_windows.py:215]: Starting (proactor: <_IocpProactor overlapped#=0 result#=0>)...
2025-11-09 12:20:42,615 [DEBUG] [Dummy-5] [qasync._windows._EventWorker/_windows.py:195]: Thread started
2025-11-09 12:20:44,428 [INFO] [MainThread] [root/api.py:69]: Fetching new weather data at 2025-11-09 12:20:44.428727
2025-11-09 12:22:41,230 [INFO] [MainThread] [root/controller.py:15]: Reloading Application because of config change.
2025-11-09 12:22:41,335 [INFO] [MainThread] [cli_server/cli_server.py:112]: Log pipe server stopped
2025-11-09 12:22:41,335 [DEBUG] [MainThread] [cli_server/cli_server.py:206]: CLI server stopped
2025-11-09 12:22:41,349 [INFO] [MainThread] [root/bar_manager.py:76]: Successfully loaded updated config and re-initialised all bars.
2025-11-09 12:22:41,897 [INFO] [MainThread] [root/bar_manager.py:92]: Stopping SystemEventListener...
2025-11-09 12:22:41,898 [INFO] [MainThread] [root/bar_manager.py:92]: Stopping WindowsNotificationEventListener...
2025-11-09 12:22:41,969 [DEBUG] [MainThread] [qasync._windows._EventPoller/_windows.py:220]: Stopping worker thread...
2025-11-09 12:22:41,978 [DEBUG] [Dummy-5] [qasync._windows._EventWorker/_windows.py:204]: Exiting thread
2025-11-09 12:22:41,983 [DEBUG] [MainThread] [qasync._windows._IocpProactor/_windows.py:78]: Closing
2025-11-09 12:22:43,256 [INFO] [MainThread] [root/log.py:59]: YASB v1.8.4
2025-11-09 12:22:43,260 [INFO] [Thread-1 (_run_server)] [cli_server/cli_server.py:212]: CLI server started v1.1.3
2025-11-09 12:22:43,260 [INFO] [MainThread] [cli_server/cli_server.py:104]: Log pipe server started
2025-11-09 12:22:43,865 [DEBUG] [MainThread] [comtypes/__init__.py:149]: CoInitializeEx(None, 2)
2025-11-09 12:22:44,614 [DEBUG] [MainThread] [tzlocal/win32.py:55]: Looking up time zone info from registry
2025-11-09 12:22:47,356 [INFO] [MainThread] [root/bar_manager.py:85]: Starting WindowsNotificationEventListener...
2025-11-09 12:22:47,368 [INFO] [MainThread] [root/bar_manager.py:85]: Starting SystemEventListener...
2025-11-09 12:22:47,369 [INFO] [MainThread] [root/watcher.py:54]: Created file watcher for path C:\Users\stomon\.config\yasb
2025-11-09 12:22:47,538 [INFO] [MainThread] [root/update_service.py:321]: Background update checker started
2025-11-09 12:22:47,539 [DEBUG] [MainThread] [qasync._windows._EventPoller/_windows.py:215]: Starting (proactor: <_IocpProactor overlapped#=0 result#=0>)...
2025-11-09 12:22:47,545 [DEBUG] [Dummy-5] [qasync._windows._EventWorker/_windows.py:195]: Thread started
2025-11-09 12:22:49,734 [INFO] [MainThread] [root/api.py:69]: Fetching new weather data at 2025-11-09 12:22:49.734727
2025-11-09 12:32:46,364 [INFO] [MainThread] [root/api.py:69]: Fetching new weather data at 2025-11-09 12:32:46.364713
2025-11-09 12:42:45,717 [INFO] [MainThread] [root/api.py:69]: Fetching new weather data at 2025-11-09 12:42:45.717477
2025-11-09 12:52:45,459 [INFO] [MainThread] [root/api.py:69]: Fetching new weather data at 2025-11-09 12:52:45.459459
